<users>
    <user>
        <id>123456</id>
        <surname>Schmo</surname>
        <firstName>Joe</firstName>
    </user>
</users>