<users>
    <person>
        <id>123456</id>
        <surname>Schmo</surname>
        <firstName>Joe</firstName>
    </person>
    <person>
        <id>123460</id>
        <surname>Schwachsin</surname>
        <firstName>Susan</firstName>
    </person>
</users>
